[2023-04-19T10:58:12+08:00][sql] CONNECT:[ UseTime:0.022770s ] mysql:host=127.0.0.1;port=3306;dbname=vic;charset=utf8
[2023-04-19T10:58:12+08:00][sql] SHOW FULL COLUMNS FROM `fa_user` [ RunTime:0.017318s ]
[2023-04-19T10:58:12+08:00][sql] SELECT COUNT(*) AS think_count FROM `fa_user` LIMIT 1 [ RunTime:0.001780s ]
[2023-04-19T10:58:12+08:00][sql] SELECT * FROM `fa_user` LIMIT 0,15 [ RunTime:0.001733s ]
[2023-04-19T10:58:42+08:00][error] [0]Class 'mPDF' not found[E:\phpstudy_pro\WWW\tp6\app\controller\Index.php:35]
[2023-04-19T11:01:58+08:00][error] [0]Class 'mPDF\Mpdf' not found[E:\phpstudy_pro\WWW\tp6\app\controller\Index.php:35]
[2023-04-19T11:01:59+08:00][error] [0]Class 'mPDF\Mpdf' not found[E:\phpstudy_pro\WWW\tp6\app\controller\Index.php:35]
[2023-04-19T11:01:59+08:00][error] [0]Class 'mPDF\Mpdf' not found[E:\phpstudy_pro\WWW\tp6\app\controller\Index.php:35]
[2023-04-19T11:02:00+08:00][error] [0]Class 'mPDF\Mpdf' not found[E:\phpstudy_pro\WWW\tp6\app\controller\Index.php:35]
[2023-04-19T11:02:00+08:00][error] [0]Class 'mPDF\Mpdf' not found[E:\phpstudy_pro\WWW\tp6\app\controller\Index.php:35]
[2023-04-19T11:02:00+08:00][error] [0]Class 'mPDF\Mpdf' not found[E:\phpstudy_pro\WWW\tp6\app\controller\Index.php:35]
[2023-04-19T11:02:00+08:00][error] [0]Class 'mPDF\Mpdf' not found[E:\phpstudy_pro\WWW\tp6\app\controller\Index.php:35]
[2023-04-19T11:02:00+08:00][error] [0]Class 'mPDF\Mpdf' not found[E:\phpstudy_pro\WWW\tp6\app\controller\Index.php:35]
[2023-04-19T11:02:00+08:00][error] [0]Class 'mPDF\Mpdf' not found[E:\phpstudy_pro\WWW\tp6\app\controller\Index.php:35]
[2023-04-19T11:02:01+08:00][error] [0]Class 'mPDF\Mpdf' not found[E:\phpstudy_pro\WWW\tp6\app\controller\Index.php:35]
[2023-04-19T11:02:01+08:00][error] [0]Class 'mPDF\Mpdf' not found[E:\phpstudy_pro\WWW\tp6\app\controller\Index.php:35]
[2023-04-19T11:02:01+08:00][error] [0]Class 'mPDF\Mpdf' not found[E:\phpstudy_pro\WWW\tp6\app\controller\Index.php:35]
[2023-04-19T11:02:01+08:00][error] [0]Class 'mPDF\Mpdf' not found[E:\phpstudy_pro\WWW\tp6\app\controller\Index.php:35]
[2023-04-19T11:02:02+08:00][error] [0]Class 'mPDF\Mpdf' not found[E:\phpstudy_pro\WWW\tp6\app\controller\Index.php:35]
[2023-04-19T11:02:02+08:00][error] [0]Class 'mPDF\Mpdf' not found[E:\phpstudy_pro\WWW\tp6\app\controller\Index.php:35]
[2023-04-19T11:03:40+08:00][error] [0]Class 'mPDF\Mpdf' not found[E:\phpstudy_pro\WWW\tp6\app\controller\Index.php:34]
[2023-04-19T11:03:40+08:00][error] [0]Class 'mPDF\Mpdf' not found[E:\phpstudy_pro\WWW\tp6\app\controller\Index.php:34]
[2023-04-19T11:03:41+08:00][error] [0]Class 'mPDF\Mpdf' not found[E:\phpstudy_pro\WWW\tp6\app\controller\Index.php:34]
[2023-04-19T11:03:41+08:00][error] [0]Class 'mPDF\Mpdf' not found[E:\phpstudy_pro\WWW\tp6\app\controller\Index.php:34]
[2023-04-19T11:03:41+08:00][error] [0]Class 'mPDF\Mpdf' not found[E:\phpstudy_pro\WWW\tp6\app\controller\Index.php:34]
[2023-04-19T11:03:41+08:00][error] [0]Class 'mPDF\Mpdf' not found[E:\phpstudy_pro\WWW\tp6\app\controller\Index.php:34]
[2023-04-19T11:03:41+08:00][error] [0]Class 'mPDF\Mpdf' not found[E:\phpstudy_pro\WWW\tp6\app\controller\Index.php:34]
[2023-04-19T11:03:41+08:00][error] [0]Class 'mPDF\Mpdf' not found[E:\phpstudy_pro\WWW\tp6\app\controller\Index.php:34]
[2023-04-19T11:07:38+08:00][error] [0]Argument 1 passed to Mpdf\Mpdf::__construct() must be of the type array, string given, called in E:\phpstudy_pro\WWW\tp6\app\controller\Index.php on line 34[E:\phpstudy_pro\WWW\tp6\vendor\mpdf\mpdf\src\Mpdf.php:1048]
[2023-04-19T11:08:06+08:00][error] [2]assert(): assert(!$container || $container instanceof \Mpdf\Container\ContainerInterface) failed[E:\phpstudy_pro\WWW\tp6\vendor\mpdf\mpdf\src\Mpdf.php:1052]
[2023-04-19T11:09:14+08:00][error] [0]Argument 1 passed to Mpdf\Mpdf::__construct() must be of the type array, string given, called in E:\phpstudy_pro\WWW\tp6\app\controller\Index.php on line 34[E:\phpstudy_pro\WWW\tp6\vendor\mpdf\mpdf\src\Mpdf.php:1048]
[2023-04-19T11:19:04+08:00][error] [0]语法错误: unexpected 'utf' (T_STRING)[E:\phpstudy_pro\WWW\tp6\app\controller\Index.php:44]
[2023-04-19T11:20:23+08:00][error] [2]file_get_contents(style.css): failed to open stream: No such file or directory[E:\phpstudy_pro\WWW\tp6\app\controller\Index.php:66]
[2023-04-19T11:21:04+08:00][error] [2]file_get_contents(style.css): failed to open stream: No such file or directory[E:\phpstudy_pro\WWW\tp6\app\controller\Index.php:66]
[2023-04-19T11:21:05+08:00][error] [2]file_get_contents(style.css): failed to open stream: No such file or directory[E:\phpstudy_pro\WWW\tp6\app\controller\Index.php:66]
[2023-04-19T11:21:05+08:00][error] [2]file_get_contents(style.css): failed to open stream: No such file or directory[E:\phpstudy_pro\WWW\tp6\app\controller\Index.php:66]
[2023-04-19T11:21:06+08:00][error] [2]file_get_contents(style.css): failed to open stream: No such file or directory[E:\phpstudy_pro\WWW\tp6\app\controller\Index.php:66]
[2023-04-19T11:21:06+08:00][error] [2]file_get_contents(style.css): failed to open stream: No such file or directory[E:\phpstudy_pro\WWW\tp6\app\controller\Index.php:66]
[2023-04-19T11:21:06+08:00][error] [2]file_get_contents(style.css): failed to open stream: No such file or directory[E:\phpstudy_pro\WWW\tp6\app\controller\Index.php:66]
[2023-04-19T11:21:06+08:00][error] [2]file_get_contents(style.css): failed to open stream: No such file or directory[E:\phpstudy_pro\WWW\tp6\app\controller\Index.php:66]
[2023-04-19T11:21:07+08:00][error] [2]file_get_contents(style.css): failed to open stream: No such file or directory[E:\phpstudy_pro\WWW\tp6\app\controller\Index.php:66]
[2023-04-19T11:21:08+08:00][error] [2]file_get_contents(style.css): failed to open stream: No such file or directory[E:\phpstudy_pro\WWW\tp6\app\controller\Index.php:66]
[2023-04-19T11:21:09+08:00][error] [2]file_get_contents(style.css): failed to open stream: No such file or directory[E:\phpstudy_pro\WWW\tp6\app\controller\Index.php:66]
[2023-04-19T11:21:09+08:00][error] [2]file_get_contents(style.css): failed to open stream: No such file or directory[E:\phpstudy_pro\WWW\tp6\app\controller\Index.php:66]
[2023-04-19T11:21:10+08:00][error] [2]file_get_contents(style.css): failed to open stream: No such file or directory[E:\phpstudy_pro\WWW\tp6\app\controller\Index.php:66]
[2023-04-19T11:21:10+08:00][error] [2]file_get_contents(style.css): failed to open stream: No such file or directory[E:\phpstudy_pro\WWW\tp6\app\controller\Index.php:66]
[2023-04-19T11:21:10+08:00][error] [2]file_get_contents(style.css): failed to open stream: No such file or directory[E:\phpstudy_pro\WWW\tp6\app\controller\Index.php:66]
[2023-04-19T11:21:15+08:00][error] [2]file_get_contents(style.css): failed to open stream: No such file or directory[E:\phpstudy_pro\WWW\tp6\app\controller\Index.php:66]
[2023-04-19T11:21:24+08:00][error] [2]file_get_contents(style.css): failed to open stream: No such file or directory[E:\phpstudy_pro\WWW\tp6\app\controller\Index.php:66]
[2023-04-19T11:21:46+08:00][error] [2]file_get_contents(/style.css): failed to open stream: No such file or directory[E:\phpstudy_pro\WWW\tp6\app\controller\Index.php:66]
[2023-04-19T11:22:40+08:00][error] [2]file_get_contents(../public/style.css): failed to open stream: No such file or directory[E:\phpstudy_pro\WWW\tp6\app\controller\Index.php:66]
[2023-04-19T11:22:41+08:00][error] [2]file_get_contents(../public/style.css): failed to open stream: No such file or directory[E:\phpstudy_pro\WWW\tp6\app\controller\Index.php:66]
[2023-04-19T11:22:41+08:00][error] [2]file_get_contents(../public/style.css): failed to open stream: No such file or directory[E:\phpstudy_pro\WWW\tp6\app\controller\Index.php:66]
[2023-04-19T11:23:00+08:00][error] [2]file_get_contents(../../public/style.css): failed to open stream: No such file or directory[E:\phpstudy_pro\WWW\tp6\app\controller\Index.php:66]
[2023-04-19T11:23:01+08:00][error] [2]file_get_contents(../../public/style.css): failed to open stream: No such file or directory[E:\phpstudy_pro\WWW\tp6\app\controller\Index.php:66]
[2023-04-19T11:23:01+08:00][error] [2]file_get_contents(../../public/style.css): failed to open stream: No such file or directory[E:\phpstudy_pro\WWW\tp6\app\controller\Index.php:66]
[2023-04-19T11:26:02+08:00][error] [2]file_get_contents(E:\phpstudy_pro\WWW\tp6\app\public/style.css): failed to open stream: No such file or directory[E:\phpstudy_pro\WWW\tp6\app\controller\Index.php:66]
[2023-04-19T11:26:26+08:00][error] [2]file_get_contents(E:\phpstudy_pro\WWW\tp6\app\public\style.css): failed to open stream: No such file or directory[E:\phpstudy_pro\WWW\tp6\app\controller\Index.php:66]
[2023-04-19T11:34:43+08:00][error] [2]file_get_contents(E:\phpstudy_pro\WWW\tp6\public\style.css): failed to open stream: No such file or directory[E:\phpstudy_pro\WWW\tp6\app\controller\Index.php:66]
[2023-04-19T11:34:55+08:00][error] [2]file_get_contents(E:\phpstudy_pro\WWW\tp6\public\CSS\style.css): failed to open stream: No such file or directory[E:\phpstudy_pro\WWW\tp6\app\controller\Index.php:66]
[2023-04-19T11:37:08+08:00][sql] CONNECT:[ UseTime:0.030404s ] mysql:host=127.0.0.1;port=3306;dbname=vic;charset=utf8
[2023-04-19T11:37:08+08:00][sql] SHOW FULL COLUMNS FROM `fa_user` [ RunTime:0.004640s ]
[2023-04-19T11:37:08+08:00][sql] SELECT COUNT(*) AS think_count FROM `fa_user` LIMIT 1 [ RunTime:0.000480s ]
[2023-04-19T11:37:08+08:00][sql] SELECT * FROM `fa_user` LIMIT 0,15 [ RunTime:0.000670s ]
[2023-04-19T11:38:04+08:00][sql] CONNECT:[ UseTime:0.001153s ] mysql:host=127.0.0.1;port=3306;dbname=vic;charset=utf8
[2023-04-19T11:38:04+08:00][sql] SHOW FULL COLUMNS FROM `fa_user` [ RunTime:0.005114s ]
[2023-04-19T11:38:04+08:00][sql] SELECT COUNT(*) AS think_count FROM `fa_user` LIMIT 1 [ RunTime:0.000459s ]
[2023-04-19T11:38:04+08:00][sql] SELECT * FROM `fa_user` LIMIT 0,15 [ RunTime:0.000676s ]
[2023-04-19T11:38:05+08:00][sql] CONNECT:[ UseTime:0.018088s ] mysql:host=127.0.0.1;port=3306;dbname=vic;charset=utf8
[2023-04-19T11:38:05+08:00][sql] SHOW FULL COLUMNS FROM `fa_user` [ RunTime:0.004142s ]
[2023-04-19T11:38:05+08:00][sql] SELECT COUNT(*) AS think_count FROM `fa_user` LIMIT 1 [ RunTime:0.000485s ]
[2023-04-19T11:38:05+08:00][sql] SELECT * FROM `fa_user` LIMIT 0,15 [ RunTime:0.000702s ]
[2023-04-19T11:38:05+08:00][sql] CONNECT:[ UseTime:0.001078s ] mysql:host=127.0.0.1;port=3306;dbname=vic;charset=utf8
[2023-04-19T11:38:05+08:00][sql] SHOW FULL COLUMNS FROM `fa_user` [ RunTime:0.005396s ]
[2023-04-19T11:38:05+08:00][sql] SELECT COUNT(*) AS think_count FROM `fa_user` LIMIT 1 [ RunTime:0.000446s ]
[2023-04-19T11:38:05+08:00][sql] SELECT * FROM `fa_user` LIMIT 0,15 [ RunTime:0.000778s ]
[2023-04-19T11:38:05+08:00][sql] CONNECT:[ UseTime:0.017126s ] mysql:host=127.0.0.1;port=3306;dbname=vic;charset=utf8
[2023-04-19T11:38:05+08:00][sql] SHOW FULL COLUMNS FROM `fa_user` [ RunTime:0.003592s ]
[2023-04-19T11:38:05+08:00][sql] SELECT COUNT(*) AS think_count FROM `fa_user` LIMIT 1 [ RunTime:0.000947s ]
[2023-04-19T11:38:05+08:00][sql] SELECT * FROM `fa_user` LIMIT 0,15 [ RunTime:0.000710s ]
[2023-04-19T11:38:10+08:00][sql] CONNECT:[ UseTime:0.022457s ] mysql:host=127.0.0.1;port=3306;dbname=vic;charset=utf8
[2023-04-19T11:38:10+08:00][sql] SHOW FULL COLUMNS FROM `fa_user` [ RunTime:0.004090s ]
[2023-04-19T11:38:10+08:00][sql] SELECT COUNT(*) AS think_count FROM `fa_user` LIMIT 1 [ RunTime:0.001589s ]
[2023-04-19T11:38:10+08:00][sql] SELECT * FROM `fa_user` LIMIT 0,15 [ RunTime:0.000805s ]
[2023-04-19T11:38:17+08:00][sql] CONNECT:[ UseTime:0.024007s ] mysql:host=127.0.0.1;port=3306;dbname=vic;charset=utf8
[2023-04-19T11:38:17+08:00][sql] SHOW FULL COLUMNS FROM `fa_user` [ RunTime:0.005280s ]
[2023-04-19T11:38:17+08:00][sql] SELECT COUNT(*) AS think_count FROM `fa_user` LIMIT 1 [ RunTime:0.000546s ]
[2023-04-19T11:38:17+08:00][sql] SELECT * FROM `fa_user` LIMIT 0,15 [ RunTime:0.000783s ]
[2023-04-19T11:38:19+08:00][sql] CONNECT:[ UseTime:0.002527s ] mysql:host=127.0.0.1;port=3306;dbname=vic;charset=utf8
[2023-04-19T11:38:19+08:00][sql] SHOW FULL COLUMNS FROM `fa_user` [ RunTime:0.004112s ]
[2023-04-19T11:38:19+08:00][sql] SELECT COUNT(*) AS think_count FROM `fa_user` LIMIT 1 [ RunTime:0.000913s ]
[2023-04-19T11:38:19+08:00][sql] SELECT * FROM `fa_user` LIMIT 0,15 [ RunTime:0.000740s ]
[2023-04-19T11:38:39+08:00][sql] CONNECT:[ UseTime:0.012680s ] mysql:host=127.0.0.1;port=3306;dbname=vic;charset=utf8
[2023-04-19T11:38:39+08:00][sql] SHOW FULL COLUMNS FROM `fa_user` [ RunTime:0.005919s ]
[2023-04-19T11:38:39+08:00][sql] SELECT COUNT(*) AS think_count FROM `fa_user` LIMIT 1 [ RunTime:0.000550s ]
[2023-04-19T11:38:39+08:00][sql] SELECT * FROM `fa_user` LIMIT 0,15 [ RunTime:0.000828s ]
